<?xml version="1.0" encoding="UTF-8"?>
<!-- Generated by org.testng.reporters.JUnitReportReporter -->
<testsuite skipped="0" hostname="bkamath-mbp-1" name="com.trivago.automationframework.trivago.LoginTest" tests="1" failures="0" timestamp="11 Jan 2021 09:11:36 GMT" time="60.536" errors="0">
  <testcase name="requirementTwo" time="60.536" classname="com.trivago.automationframework.trivago.LoginTest"/>
</testsuite> <!-- com.trivago.automationframework.trivago.LoginTest -->
